<?xml version="1.0" encoding="UTF-8"?>
<testng-results ignored="0" total="1" passed="1" failed="0" skipped="0">
  <reporter-output>
  </reporter-output>
  <suite started-at="2024-07-20T17:21:34Z" name="Default suite" finished-at="2024-07-20T17:21:38Z" duration-ms="3444">
    <groups>
    </groups>
    <test started-at="2024-07-20T17:21:34Z" name="Default test" finished-at="2024-07-20T17:21:38Z" duration-ms="3444">
      <class name="Testing.Test_Selenium">
        <test-method signature="f()[pri:0, instance:Testing.Test_Selenium@327bcebd]" started-at="2024-07-20T11:21:34Z" name="f" finished-at="2024-07-20T11:21:38Z" duration-ms="3402" status="PASS">
          <reporter-output>
          </reporter-output>
        </test-method> <!-- f -->
      </class> <!-- Testing.Test_Selenium -->
    </test> <!-- Default test -->
  </suite> <!-- Default suite -->
</testng-results>
